<?xml version="1.0" encoding="UTF-8"?>
<!-- Generated by org.testng.reporters.JUnitXMLReporter -->
<testsuite ignored="0" hostname="Ezhil" failures="0" tests="2" name="Test" time="0.201" errors="0" timestamp="24 Jan 2022 14:13:03 GMT">
  <testcase classname="org.extentreport.FacebookExtentReport" name="@BeforeTest exReport" time="0.125">
    <failure type="java.lang.NullPointerException">
      <![CDATA[java.lang.NullPointerException
at java.base/java.io.File.<init>(File.java:278)
at com.aventstack.extentreports.reporter.BasicFileReporter.init(BasicFileReporter.java:106)
at com.aventstack.extentreports.reporter.ExtentHtmlReporter.<init>(ExtentHtmlReporter.java:30)
at org.extentreport.FacebookExtentReport.exReport(FacebookExtentReport.java:33)
... Removed 24 stack frames]]>
    </failure>
  </testcase> <!-- @BeforeTest exReport -->
  <testcase classname="org.extentreport.FacebookExtentReport" name="@AfterTest endReport" time="0.0">
    <skipped/>
  </testcase> <!-- @AfterTest endReport -->
  <testcase classname="org.extentreport.FacebookExtentReport" name="btnHomepage" time="0.0">
    <skipped/>
  </testcase> <!-- btnHomepage -->
  <testcase classname="org.extentreport.FacebookExtentReport" name="homePage" time="0.0">
    <skipped/>
  </testcase> <!-- homePage -->
</testsuite> <!-- Test -->
